2022-11-09 14:09:23 INFO logger.py:126 Log level: INFO
2022-11-09 14:09:23 INFO main.py:259 GNS3 GUI version 2.1.11
2022-11-09 14:09:23 INFO main.py:260 Copyright (c) 2007-2022 GNS3 Technologies Inc.
2022-11-09 14:09:23 INFO main.py:262 Application started with /Applications/GNS3.app/Contents/MacOS/gns3
2022-11-09 14:32:11 WARNING __init__.py:389 Can't create the link the port is not free
2022-11-09 14:32:22 WARNING __init__.py:389 Can't create the link the port is not free
2022-11-09 14:44:27 CRITICAL __init__.py:437 A link is connected to port Serial2/0 on adapter PA-4T+, please remove it first
2022-11-09 14:54:19 WARNING __init__.py:1066 This node must be started before a console can be opened
2022-11-09 14:54:25 WARNING project.py:685 "R1" requires 512MB of RAM to run but there is only 504MB - 93.8% of RAM left on "wifiroam047093.univ-st-etienne.fr"
2022-11-09 14:55:18 WARNING project.py:685 "R2" requires 512MB of RAM to run but there is only 470MB - 94.3% of RAM left on "wifiroam047093.univ-st-etienne.fr"
2022-11-09 14:55:18 WARNING project.py:685 "R4" requires 512MB of RAM to run but there is only 469MB - 94.3% of RAM left on "wifiroam047093.univ-st-etienne.fr"
2022-11-09 14:55:18 WARNING project.py:685 "R3" requires 512MB of RAM to run but there is only 469MB - 94.3% of RAM left on "wifiroam047093.univ-st-etienne.fr"
2022-11-09 14:55:18 WARNING project.py:685 "R5" requires 512MB of RAM to run but there is only 471MB - 94.2% of RAM left on "wifiroam047093.univ-st-etienne.fr"
2022-11-09 14:55:18 WARNING project.py:685 "R1" requires 512MB of RAM to run but there is only 471MB - 94.2% of RAM left on "wifiroam047093.univ-st-etienne.fr"
2022-11-09 15:12:19 WARNING __init__.py:225 Error while creating link: Cannot connect to itself
2022-11-09 15:13:48 CRITICAL __init__.py:437 A link is connected to port FastEthernet0/0 on adapter C7200-IO-2FE, please remove it first
2022-11-09 15:14:14 CRITICAL __init__.py:1553 Adapter C7200-IO-2FE cannot be removed while router "R2" is running
2022-11-09 15:14:18 CRITICAL __init__.py:1553 Adapter C7200-IO-2FE cannot be removed while router "R2" is running
2022-11-09 15:19:32 WARNING project.py:685 "R1" requires 512MB of RAM to run but there is only 444MB - 94.6% of RAM left on "wifiroam047093.univ-st-etienne.fr"
2022-11-09 15:20:13 WARNING project.py:685 "R2" requires 512MB of RAM to run but there is only 402MB - 95.1% of RAM left on "wifiroam047093.univ-st-etienne.fr"
2022-11-09 15:20:13 WARNING project.py:685 "R3" requires 512MB of RAM to run but there is only 402MB - 95.1% of RAM left on "wifiroam047093.univ-st-etienne.fr"
2022-11-09 15:20:13 WARNING project.py:685 "R4" requires 512MB of RAM to run but there is only 407MB - 95.0% of RAM left on "wifiroam047093.univ-st-etienne.fr"
2022-11-09 15:20:13 WARNING project.py:685 "R1" requires 512MB of RAM to run but there is only 404MB - 95.1% of RAM left on "wifiroam047093.univ-st-etienne.fr"
2022-11-09 15:20:13 WARNING project.py:685 "R5" requires 512MB of RAM to run but there is only 404MB - 95.1% of RAM left on "wifiroam047093.univ-st-etienne.fr"
2022-11-09 15:27:08 WARNING project.py:685 "R4" requires 512MB of RAM to run but there is only 435MB - 94.7% of RAM left on "wifiroam047093.univ-st-etienne.fr"
2022-11-09 15:27:08 WARNING project.py:685 "R2" requires 512MB of RAM to run but there is only 435MB - 94.7% of RAM left on "wifiroam047093.univ-st-etienne.fr"
2022-11-09 15:27:08 WARNING project.py:685 "R3" requires 512MB of RAM to run but there is only 434MB - 94.7% of RAM left on "wifiroam047093.univ-st-etienne.fr"
2022-11-09 15:27:08 WARNING project.py:685 "R5" requires 512MB of RAM to run but there is only 434MB - 94.7% of RAM left on "wifiroam047093.univ-st-etienne.fr"
2022-11-09 15:27:08 WARNING project.py:685 "R1" requires 512MB of RAM to run but there is only 434MB - 94.7% of RAM left on "wifiroam047093.univ-st-etienne.fr"
2022-11-09 15:36:49 WARNING __init__.py:1255 Get command line is not supported for this type of node.
2022-11-09 15:49:48 WARNING project.py:685 "R3" requires 512MB of RAM to run but there is only 502MB - 93.9% of RAM left on "wifiroam047093.univ-st-etienne.fr"
2022-11-09 15:49:49 WARNING project.py:685 "R2" requires 512MB of RAM to run but there is only 502MB - 93.9% of RAM left on "wifiroam047093.univ-st-etienne.fr"
2022-11-09 15:49:49 WARNING project.py:685 "R4" requires 512MB of RAM to run but there is only 502MB - 93.9% of RAM left on "wifiroam047093.univ-st-etienne.fr"
2022-11-09 15:49:49 WARNING project.py:685 "R1" requires 512MB of RAM to run but there is only 504MB - 93.8% of RAM left on "wifiroam047093.univ-st-etienne.fr"
2022-11-09 15:49:49 WARNING project.py:685 "R5" requires 512MB of RAM to run but there is only 499MB - 93.9% of RAM left on "wifiroam047093.univ-st-etienne.fr"
